{"/home/igor/shoppingo/packages/api/src/dependencies/types.ts": {"path":"/home/igor/shoppingo/packages/api/src/dependencies/types.ts","all":false,"statementMap":{"15":{"start":{"line":16,"column":0},"end":{"line":16,"column":29}},"16":{"start":{"line":17,"column":0},"end":{"line":17,"column":26}},"17":{"start":{"line":18,"column":0},"end":{"line":18,"column":22}},"18":{"start":{"line":19,"column":0},"end":{"line":19,"column":22}},"19":{"start":{"line":20,"column":0},"end":{"line":20,"column":32}},"20":{"start":{"line":21,"column":0},"end":{"line":21,"column":38}},"21":{"start":{"line":22,"column":0},"end":{"line":22,"column":32}},"22":{"start":{"line":23,"column":0},"end":{"line":23,"column":30}},"23":{"start":{"line":24,"column":0},"end":{"line":24,"column":30}},"24":{"start":{"line":25,"column":0},"end":{"line":25,"column":38}},"25":{"start":{"line":26,"column":0},"end":{"line":26,"column":33}},"42":{"start":{"line":43,"column":0},"end":{"line":43,"column":29}},"43":{"start":{"line":44,"column":0},"end":{"line":44,"column":17}}},"s":{"15":1,"16":1,"17":1,"18":1,"19":1,"20":1,"21":1,"22":1,"23":1,"24":1,"25":1,"42":1,"43":1},"branchMap":{"0":{"type":"branch","line":16,"loc":{"start":{"line":16,"column":7},"end":{"line":16,"column":29}},"locations":[{"start":{"line":16,"column":7},"end":{"line":16,"column":29}}]},"1":{"type":"branch","line":43,"loc":{"start":{"line":43,"column":7},"end":{"line":43,"column":29}},"locations":[{"start":{"line":43,"column":7},"end":{"line":43,"column":29}}]}},"b":{"0":[3],"1":[3]},"fnMap":{},"f":{}}
,"/home/igor/shoppingo/packages/api/src/domain/ImageService/types.ts": {"path":"/home/igor/shoppingo/packages/api/src/domain/ImageService/types.ts","all":true,"statementMap":{},"s":{},"branchMap":{"0":{"type":"branch","line":1,"loc":{"start":{"line":1,"column":408},"end":{"line":9,"column":1}},"locations":[{"start":{"line":1,"column":408},"end":{"line":9,"column":1}}]}},"b":{"0":[1]},"fnMap":{"0":{"name":"(empty-report)","decl":{"start":{"line":1,"column":408},"end":{"line":9,"column":1}},"loc":{"start":{"line":1,"column":408},"end":{"line":9,"column":1}},"line":1}},"f":{"0":1}}
,"/home/igor/shoppingo/packages/api/src/domain/ListService/types.ts": {"path":"/home/igor/shoppingo/packages/api/src/domain/ListService/types.ts","all":true,"statementMap":{},"s":{},"branchMap":{"0":{"type":"branch","line":1,"loc":{"start":{"line":1,"column":146},"end":{"line":5,"column":1}},"locations":[{"start":{"line":1,"column":146},"end":{"line":5,"column":1}}]}},"b":{"0":[1]},"fnMap":{"0":{"name":"(empty-report)","decl":{"start":{"line":1,"column":146},"end":{"line":5,"column":1}},"loc":{"start":{"line":1,"column":146},"end":{"line":5,"column":1}},"line":1}},"f":{"0":1}}
}
